[90m[main 2025-11-22T11:17:39.245Z][0m updateURL https://api2.cursor.sh/updates/api/update/linux-x64/cursor/2.0.69/d7112edffc4313b2af3e9267d2cb9d72f257bd42d0f2017dcb58a5488d1173bc/stable
[90m[main 2025-11-22T11:17:39.246Z][0m update#setState idle
[384154:1122/121742.201675:ERROR:ui/gl/gl_surface_presentation_helper.cc:260] GetVSyncParametersIfAvailable() failed for 1 times!
[91m[main 2025-11-22T11:17:42.934Z][0m vscode-file: Refused to load resource /tmp/.mount_CursorvTClIK/usr/share/cursor/resources/app/extensions/theme-seti/icons/seti.woff from vscode-file: protocol (original URL: vscode-file://vscode-app/tmp/.mount_CursorvTClIK/usr/share/cursor/resources/app/extensions/theme-seti/icons/seti.woff)
[93m[main 2025-11-22T11:17:48.500Z][0m [BrowserViewMainService] Cannot execute JavaScript: browser view not created for window 1
[384154:1122/121757.095733:ERROR:ui/gl/gl_surface_presentation_helper.cc:260] GetVSyncParametersIfAvailable() failed for 2 times!
[93m[main 2025-11-22T11:17:57.391Z][0m [BrowserViewMainService] Cannot flush storage data: browser view not created for window 1
[93m[main 2025-11-22T11:17:57.419Z][0m [BrowserViewMainService] Cannot set visibility: browser view not created for window 1
[90m[main 2025-11-22T11:17:57.422Z][0m Extension host with pid 384436 exited with code: 0, signal: unknown.
[91m[main 2025-11-22T11:17:57.526Z][0m [UtilityProcess id: 1, type: fileWatcher, pid: 384393]: crashed with code 15 and reason 'killed'
[93m[main 2025-11-22T11:18:05.495Z][0m [BrowserViewMainService] Cannot execute JavaScript: browser view not created for window 1
[90m[main 2025-11-22T11:18:09.248Z][0m update#setState checking for updates
[90m[main 2025-11-22T11:18:09.767Z][0m update#setState ready
[384154:1122/121822.495208:ERROR:ui/gl/gl_surface_presentation_helper.cc:260] GetVSyncParametersIfAvailable() failed for 3 times!
[93m[main 2025-11-22T11:19:00.582Z][0m TracingService: dropping unsupported envelope
[93m[main 2025-11-22T11:20:00.584Z][0m TracingService: dropping unsupported envelope
[93m[main 2025-11-22T11:22:00.586Z][0m TracingService: dropping unsupported envelope
[93m[main 2025-11-22T11:24:00.595Z][0m TracingService: dropping unsupported envelope
[93m[main 2025-11-22T11:33:39.808Z][0m [BrowserViewMainService] Cannot flush storage data: browser view not created for window 1
[90m[main 2025-11-22T11:33:39.923Z][0m Extension host with pid 385452 exited with code: 0, signal: unknown.
[93m[main 2025-11-22T11:33:39.953Z][0m [BrowserViewMainService] Cannot set visibility: browser view not created for window 1
[91m[main 2025-11-22T11:33:40.109Z][0m [UtilityProcess id: 1, type: fileWatcher, pid: 385466]: crashed with code 15 and reason 'killed'
[93m[main 2025-11-22T11:33:46.313Z][0m [BrowserViewMainService] Cannot execute JavaScript: browser view not created for window 1
[93m[main 2025-11-22T11:34:44.304Z][0m TracingService: dropping unsupported envelope
[93m[main 2025-11-22T11:42:44.309Z][0m TracingService: dropping unsupported envelope
[93m[main 2025-11-22T12:05:26.395Z][0m [BrowserViewMainService] Cannot flush storage data: browser view not created for window 1
[90m[main 2025-11-22T12:05:26.485Z][0m Extension host with pid 391989 exited with code: 0, signal: unknown.
[93m[main 2025-11-22T12:05:26.551Z][0m [BrowserViewMainService] Cannot set visibility: browser view not created for window 1
[91m[main 2025-11-22T12:05:26.886Z][0m [UtilityProcess id: 1, type: fileWatcher, pid: 391975]: crashed with code 15 and reason 'killed'
[93m[main 2025-11-22T12:05:35.358Z][0m [BrowserViewMainService] Cannot execute JavaScript: browser view not created for window 1
[93m[main 2025-11-22T12:06:31.308Z][0m TracingService: dropping unsupported envelope
[90m[main 2025-11-22T19:28:31.878Z][0m update#checkForOutdatedUpdate - found outdated update 2.1.19 2.1.20
[90m[main 2025-11-22T19:28:31.879Z][0m update#setState idle
[90m[main 2025-11-22T19:28:31.879Z][0m update#setState checking for updates
[90m[main 2025-11-22T19:28:31.985Z][0m update#setState ready
[90m[main 2025-11-22T19:38:32.394Z][0m update#checkForOutdatedUpdate - found outdated update 2.1.20 2.1.19
[90m[main 2025-11-22T19:38:32.395Z][0m update#setState idle
[90m[main 2025-11-22T19:38:32.395Z][0m update#setState checking for updates
[90m[main 2025-11-22T19:38:32.505Z][0m update#setState ready
[90m[main 2025-11-22T20:03:33.441Z][0m update#checkForOutdatedUpdate - found outdated update 2.1.19 2.1.20
[90m[main 2025-11-22T20:03:33.441Z][0m update#setState idle
[90m[main 2025-11-22T20:03:33.442Z][0m update#setState checking for updates
[90m[main 2025-11-22T20:03:33.725Z][0m update#setState ready
[90m[main 2025-11-23T03:13:51.878Z][0m update#checkForOutdatedUpdate - found outdated update 2.1.20 2.1.24
[90m[main 2025-11-23T03:13:51.879Z][0m update#setState idle
[90m[main 2025-11-23T03:13:51.880Z][0m update#setState checking for updates
[90m[main 2025-11-23T03:13:51.989Z][0m update#setState ready
[90m[main 2025-11-23T05:18:57.232Z][0m update#checkForOutdatedUpdate - found outdated update 2.1.24 2.1.25
[90m[main 2025-11-23T05:18:57.233Z][0m update#setState idle
[90m[main 2025-11-23T05:18:57.233Z][0m update#setState checking for updates
[90m[main 2025-11-23T05:18:57.541Z][0m update#setState ready
[384154:1123/140341.481865:ERROR:ui/gl/gl_display.cc:408] EGL Driver message (Error) eglGetMscRateANGLE: glXGetMscRateOML failed.
[384154:1123/140341.494488:ERROR:ui/gl/gl_display.cc:408] EGL Driver message (Error) eglGetMscRateANGLE: glXGetMscRateOML failed.
[384154:1123/140341.725495:ERROR:ui/gl/gl_display.cc:408] EGL Driver message (Error) eglGetMscRateANGLE: glXGetMscRateOML failed.
[384154:1123/140341.735095:ERROR:ui/gl/gl_display.cc:408] EGL Driver message (Error) eglGetMscRateANGLE: glXGetMscRateOML failed.
[93m[main 2025-11-23T13:08:25.587Z][0m [BrowserViewMainService] Cannot flush storage data: browser view not created for window 1
[90m[main 2025-11-23T13:08:25.625Z][0m Extension host with pid 401726 exited with code: 0, signal: unknown.
[93m[main 2025-11-23T13:08:25.656Z][0m [BrowserViewMainService] Cannot set visibility: browser view not created for window 1
[91m[main 2025-11-23T13:08:26.073Z][0m [UtilityProcess id: 1, type: fileWatcher, pid: 401712]: crashed with code 15 and reason 'killed'
[93m[main 2025-11-23T13:08:29.928Z][0m [storage main] detected slow close() operation: Time: 3872ms, DB size: 2006073344b, Large Keys: aiCodeTrackingLines:1456359, iconThemeData:96898, workbench.experiments.statsigBootstrap:76475, src.vs.platform.reactivestorage.browser.reactiveStorageServiceImpl.persistentStorage.applicationUser:75655, terminal.history.entries.commands:47321
